                                                                                
                   Payroll Listing                1/3/2018                      
                                                                                
EMP. NO. EMPLOYEE NAME            TERR NO.  ANNUAL SALARY                                
                                                                                
    1    ADAMSON                      1       $ 40,000                           
    2    BAKER                        1       $ 50,000                           
    3    CARTWELL                     1       $100,000                           
   17    GABLES                       1       $ 71,000                           
   18    MCCLANE                      1       $ 91,000                           
   19    ROCCO                        1       $ 87,000                           
                        Total Territory  1  $  439,000                          
                                                                                
    7    REDFORD                      2       $ 48,000                           
    8    JOHNKE                       2       $ 55,000                           
    9    WHITE                        2       $ 59,000                           
   10    MARSHALL                     2       $ 53,000                           
   11    ROBINSON                     2       $ 72,000                           
                        Total Territory  2  $  287,000                          
                                                                                
   12    MADISON                      3       $ 76,000                           
   13    MONROE                       3       $130,000                           
   14    GRUBER                       3       $145,000                           
   15    CAIRO                        3       $ 65,000                           
   16    NEEDY                        3       $ 79,000                           
                        Total Territory  3  $  495,000                          
                                                                                
    4    DORSEY                       4       $ 45,000                           
    5    HAMMOND                      4       $ 50,000                           
    6    NOLTE                        4       $ 45,000                           
   20    BARTLETT                     4       $ 68,000                           
                        Total Territory  4  $  208,000                          
